2017-08-30 09:02:00,882 [1] DEBUG WordGuessPlayer.PlayerForm - Creating a communicator
2017-08-30 09:02:00,894 [1] DEBUG WordGuessPlayer.PlayerForm - Creating a listener
2017-08-30 09:02:00,895 [1] DEBUG WordGuessPlayer.PlayerForm - Creating a worker
2017-08-30 09:02:00,895 [1] DEBUG WordGuessPlayer.PlayerForm - Starting a listener
2017-08-30 09:02:00,895 [1] INFO  Common.BackgroundThread - Starting Listener
2017-08-30 09:02:00,896 [1] DEBUG WordGuessPlayer.PlayerForm - Starting a worker
2017-08-30 09:02:00,896 [1] INFO  Common.BackgroundThread - Starting Worker
2017-08-30 09:02:03,969 [Listener] DEBUG Common.Messages.GameDef - Decode an GameDef
2017-08-30 09:02:03,970 [Listener] DEBUG Common.Messages.GameDef - Decoded GameId = 1
2017-08-30 09:02:03,973 [Listener] DEBUG Common.Messages.GameDef - Decoded Hint = ______
2017-08-30 09:02:03,973 [Listener] DEBUG Common.Messages.GameDef - Decoded Definition = Spanish dance
2017-08-30 09:02:03,974 [Listener] DEBUG Common.Messages.MessageQueue - Entering MessageQueue.Enqueue
2017-08-30 09:02:03,974 [Listener] DEBUG Common.Messages.MessageQueue - Leaving MessageQueue.Enqueue
2017-08-30 09:02:03,974 [Worker] DEBUG Common.Messages.MessageQueue - Entering MessageQueue.Dequeue
2017-08-30 09:02:03,974 [Worker] DEBUG Common.Messages.MessageQueue - Leaving MessageQueue.Dequeue
2017-08-30 09:02:03,975 [Worker] INFO  WordGuessPlayer.Worker - Processing Type=GameDef, GameId=1, Hint=______, LastName=Spanish dance from 127.0.0.1:12001
2017-08-30 09:02:03,976 [Worker] DEBUG WordGuessPlayer.Worker - Enter ProcessMessage
2017-08-30 09:02:03,980 [Worker] DEBUG WordGuessPlayer.Worker - Leaving ProcessMessage
2017-08-30 09:02:04,114 [Listener] DEBUG Common.Messages.HeartbeatMessage - Decode an HeartbeatMessage
2017-08-30 09:02:04,114 [Listener] DEBUG Common.Messages.HeartbeatMessage - Decoded GameId = 1
2017-08-30 09:02:04,115 [Listener] DEBUG Common.Messages.MessageQueue - Entering MessageQueue.Enqueue
2017-08-30 09:02:04,115 [Listener] DEBUG Common.Messages.MessageQueue - Leaving MessageQueue.Enqueue
2017-08-30 09:02:04,115 [Worker] DEBUG Common.Messages.MessageQueue - Entering MessageQueue.Dequeue
2017-08-30 09:02:04,115 [Worker] DEBUG Common.Messages.MessageQueue - Leaving MessageQueue.Dequeue
2017-08-30 09:02:04,115 [Worker] INFO  WordGuessPlayer.Worker - Processing Type=Heartbeat, GameId=1 from 127.0.0.1:12001
2017-08-30 09:02:04,115 [Worker] DEBUG WordGuessPlayer.Worker - Enter ProcessMessage
2017-08-30 09:02:04,121 [Worker] DEBUG WordGuessPlayer.Worker - Leaving ProcessMessage
2017-08-30 09:02:04,485 [Listener] DEBUG Common.Messages.GameDef - Decode an GameDef
2017-08-30 09:02:04,485 [Listener] DEBUG Common.Messages.GameDef - Decoded GameId = 2
2017-08-30 09:02:04,485 [Listener] DEBUG Common.Messages.GameDef - Decoded Hint = ________
2017-08-30 09:02:04,485 [Listener] DEBUG Common.Messages.GameDef - Decoded Definition = portholes on a ship
2017-08-30 09:02:04,485 [Listener] DEBUG Common.Messages.MessageQueue - Entering MessageQueue.Enqueue
2017-08-30 09:02:04,485 [Listener] DEBUG Common.Messages.MessageQueue - Leaving MessageQueue.Enqueue
2017-08-30 09:02:04,485 [Worker] DEBUG Common.Messages.MessageQueue - Entering MessageQueue.Dequeue
2017-08-30 09:02:04,485 [Worker] DEBUG Common.Messages.MessageQueue - Leaving MessageQueue.Dequeue
2017-08-30 09:02:04,486 [Worker] INFO  WordGuessPlayer.Worker - Processing Type=GameDef, GameId=2, Hint=________, LastName=portholes on a ship from 127.0.0.1:12001
2017-08-30 09:02:04,486 [Worker] DEBUG WordGuessPlayer.Worker - Enter ProcessMessage
2017-08-30 09:02:04,491 [Worker] DEBUG WordGuessPlayer.Worker - Leaving ProcessMessage
2017-08-30 09:02:04,615 [Listener] DEBUG Common.Messages.HeartbeatMessage - Decode an HeartbeatMessage
2017-08-30 09:02:04,615 [Listener] DEBUG Common.Messages.HeartbeatMessage - Decoded GameId = 1
2017-08-30 09:02:04,615 [Listener] DEBUG Common.Messages.MessageQueue - Entering MessageQueue.Enqueue
2017-08-30 09:02:04,615 [Listener] DEBUG Common.Messages.MessageQueue - Leaving MessageQueue.Enqueue
2017-08-30 09:02:04,615 [Worker] DEBUG Common.Messages.MessageQueue - Entering MessageQueue.Dequeue
2017-08-30 09:02:04,615 [Worker] DEBUG Common.Messages.MessageQueue - Leaving MessageQueue.Dequeue
2017-08-30 09:02:04,615 [Worker] INFO  WordGuessPlayer.Worker - Processing Type=Heartbeat, GameId=1 from 127.0.0.1:12001
2017-08-30 09:02:04,615 [Worker] DEBUG WordGuessPlayer.Worker - Enter ProcessMessage
2017-08-30 09:02:04,615 [Listener] DEBUG Common.Messages.HeartbeatMessage - Decode an HeartbeatMessage
2017-08-30 09:02:04,615 [Listener] DEBUG Common.Messages.HeartbeatMessage - Decoded GameId = 2
2017-08-30 09:02:04,616 [Listener] DEBUG Common.Messages.MessageQueue - Entering MessageQueue.Enqueue
2017-08-30 09:02:04,616 [Listener] DEBUG Common.Messages.MessageQueue - Leaving MessageQueue.Enqueue
2017-08-30 09:02:04,616 [Worker] DEBUG WordGuessPlayer.Worker - Leaving ProcessMessage
2017-08-30 09:02:04,616 [Worker] DEBUG Common.Messages.MessageQueue - Entering MessageQueue.Dequeue
2017-08-30 09:02:04,616 [Worker] DEBUG Common.Messages.MessageQueue - Leaving MessageQueue.Dequeue
2017-08-30 09:02:04,616 [Worker] INFO  WordGuessPlayer.Worker - Processing Type=Heartbeat, GameId=2 from 127.0.0.1:12001
2017-08-30 09:02:04,617 [Worker] DEBUG WordGuessPlayer.Worker - Enter ProcessMessage
2017-08-30 09:02:04,617 [Worker] DEBUG WordGuessPlayer.Worker - Leaving ProcessMessage
2017-08-30 09:02:05,056 [Listener] DEBUG Common.Messages.GameDef - Decode an GameDef
2017-08-30 09:02:05,056 [Listener] DEBUG Common.Messages.GameDef - Decoded GameId = 3
2017-08-30 09:02:05,056 [Listener] DEBUG Common.Messages.GameDef - Decoded Hint = _________
2017-08-30 09:02:05,056 [Listener] DEBUG Common.Messages.GameDef - Decoded Definition = any of various kinds of squash
2017-08-30 09:02:05,056 [Listener] DEBUG Common.Messages.MessageQueue - Entering MessageQueue.Enqueue
2017-08-30 09:02:05,056 [Listener] DEBUG Common.Messages.MessageQueue - Leaving MessageQueue.Enqueue
2017-08-30 09:02:05,056 [Worker] DEBUG Common.Messages.MessageQueue - Entering MessageQueue.Dequeue
2017-08-30 09:02:05,056 [Worker] DEBUG Common.Messages.MessageQueue - Leaving MessageQueue.Dequeue
2017-08-30 09:02:05,057 [Worker] INFO  WordGuessPlayer.Worker - Processing Type=GameDef, GameId=3, Hint=_________, LastName=any of various kinds of squash from 127.0.0.1:12001
2017-08-30 09:02:05,057 [Worker] DEBUG WordGuessPlayer.Worker - Enter ProcessMessage
2017-08-30 09:02:05,060 [Worker] DEBUG WordGuessPlayer.Worker - Leaving ProcessMessage
2017-08-30 09:02:05,116 [Listener] DEBUG Common.Messages.HeartbeatMessage - Decode an HeartbeatMessage
2017-08-30 09:02:05,116 [Listener] DEBUG Common.Messages.HeartbeatMessage - Decoded GameId = 1
2017-08-30 09:02:05,116 [Listener] DEBUG Common.Messages.MessageQueue - Entering MessageQueue.Enqueue
2017-08-30 09:02:05,116 [Listener] DEBUG Common.Messages.MessageQueue - Leaving MessageQueue.Enqueue
2017-08-30 09:02:05,116 [Listener] DEBUG Common.Messages.HeartbeatMessage - Decode an HeartbeatMessage
2017-08-30 09:02:05,116 [Listener] DEBUG Common.Messages.HeartbeatMessage - Decoded GameId = 2
2017-08-30 09:02:05,116 [Listener] DEBUG Common.Messages.MessageQueue - Entering MessageQueue.Enqueue
2017-08-30 09:02:05,116 [Listener] DEBUG Common.Messages.MessageQueue - Leaving MessageQueue.Enqueue
2017-08-30 09:02:05,116 [Listener] DEBUG Common.Messages.HeartbeatMessage - Decode an HeartbeatMessage
2017-08-30 09:02:05,117 [Listener] DEBUG Common.Messages.HeartbeatMessage - Decoded GameId = 3
2017-08-30 09:02:05,116 [Worker] DEBUG Common.Messages.MessageQueue - Entering MessageQueue.Dequeue
2017-08-30 09:02:05,117 [Worker] DEBUG Common.Messages.MessageQueue - Leaving MessageQueue.Dequeue
2017-08-30 09:02:05,117 [Worker] INFO  WordGuessPlayer.Worker - Processing Type=Heartbeat, GameId=1 from 127.0.0.1:12001
2017-08-30 09:02:05,117 [Worker] DEBUG WordGuessPlayer.Worker - Enter ProcessMessage
2017-08-30 09:02:05,117 [Listener] DEBUG Common.Messages.MessageQueue - Entering MessageQueue.Enqueue
2017-08-30 09:02:05,117 [Listener] DEBUG Common.Messages.MessageQueue - Leaving MessageQueue.Enqueue
2017-08-30 09:02:05,117 [Worker] DEBUG WordGuessPlayer.Worker - Leaving ProcessMessage
2017-08-30 09:02:05,117 [Worker] DEBUG Common.Messages.MessageQueue - Entering MessageQueue.Dequeue
2017-08-30 09:02:05,117 [Worker] DEBUG Common.Messages.MessageQueue - Leaving MessageQueue.Dequeue
2017-08-30 09:02:05,117 [Worker] INFO  WordGuessPlayer.Worker - Processing Type=Heartbeat, GameId=2 from 127.0.0.1:12001
2017-08-30 09:02:05,117 [Worker] DEBUG WordGuessPlayer.Worker - Enter ProcessMessage
2017-08-30 09:02:05,118 [Worker] DEBUG WordGuessPlayer.Worker - Leaving ProcessMessage
2017-08-30 09:02:05,118 [Worker] DEBUG Common.Messages.MessageQueue - Entering MessageQueue.Dequeue
2017-08-30 09:02:05,118 [Worker] DEBUG Common.Messages.MessageQueue - Leaving MessageQueue.Dequeue
2017-08-30 09:02:05,118 [Worker] INFO  WordGuessPlayer.Worker - Processing Type=Heartbeat, GameId=3 from 127.0.0.1:12001
2017-08-30 09:02:05,118 [Worker] DEBUG WordGuessPlayer.Worker - Enter ProcessMessage
2017-08-30 09:02:05,119 [Worker] DEBUG WordGuessPlayer.Worker - Leaving ProcessMessage
2017-08-30 09:02:05,617 [Listener] DEBUG Common.Messages.HeartbeatMessage - Decode an HeartbeatMessage
2017-08-30 09:02:05,617 [Listener] DEBUG Common.Messages.HeartbeatMessage - Decoded GameId = 1
2017-08-30 09:02:05,617 [Listener] DEBUG Common.Messages.MessageQueue - Entering MessageQueue.Enqueue
2017-08-30 09:02:05,617 [Listener] DEBUG Common.Messages.MessageQueue - Leaving MessageQueue.Enqueue
2017-08-30 09:02:05,617 [Listener] DEBUG Common.Messages.HeartbeatMessage - Decode an HeartbeatMessage
2017-08-30 09:02:05,617 [Worker] DEBUG Common.Messages.MessageQueue - Entering MessageQueue.Dequeue
2017-08-30 09:02:05,617 [Worker] DEBUG Common.Messages.MessageQueue - Leaving MessageQueue.Dequeue
2017-08-30 09:02:05,617 [Worker] INFO  WordGuessPlayer.Worker - Processing Type=Heartbeat, GameId=1 from 127.0.0.1:12001
2017-08-30 09:02:05,617 [Worker] DEBUG WordGuessPlayer.Worker - Enter ProcessMessage
2017-08-30 09:02:05,617 [Listener] DEBUG Common.Messages.HeartbeatMessage - Decoded GameId = 2
2017-08-30 09:02:05,617 [Listener] DEBUG Common.Messages.MessageQueue - Entering MessageQueue.Enqueue
2017-08-30 09:02:05,617 [Listener] DEBUG Common.Messages.MessageQueue - Leaving MessageQueue.Enqueue
2017-08-30 09:02:05,618 [Listener] DEBUG Common.Messages.HeartbeatMessage - Decode an HeartbeatMessage
2017-08-30 09:02:05,618 [Listener] DEBUG Common.Messages.HeartbeatMessage - Decoded GameId = 3
2017-08-30 09:02:05,618 [Listener] DEBUG Common.Messages.MessageQueue - Entering MessageQueue.Enqueue
2017-08-30 09:02:05,618 [Listener] DEBUG Common.Messages.MessageQueue - Leaving MessageQueue.Enqueue
2017-08-30 09:02:05,618 [Worker] DEBUG WordGuessPlayer.Worker - Leaving ProcessMessage
2017-08-30 09:02:05,619 [Worker] DEBUG Common.Messages.MessageQueue - Entering MessageQueue.Dequeue
2017-08-30 09:02:05,619 [Worker] DEBUG Common.Messages.MessageQueue - Leaving MessageQueue.Dequeue
2017-08-30 09:02:05,619 [Worker] INFO  WordGuessPlayer.Worker - Processing Type=Heartbeat, GameId=2 from 127.0.0.1:12001
2017-08-30 09:02:05,619 [Worker] DEBUG WordGuessPlayer.Worker - Enter ProcessMessage
2017-08-30 09:02:05,619 [Worker] DEBUG WordGuessPlayer.Worker - Leaving ProcessMessage
2017-08-30 09:02:05,619 [Worker] DEBUG Common.Messages.MessageQueue - Entering MessageQueue.Dequeue
2017-08-30 09:02:05,619 [Worker] DEBUG Common.Messages.MessageQueue - Leaving MessageQueue.Dequeue
2017-08-30 09:02:05,619 [Worker] INFO  WordGuessPlayer.Worker - Processing Type=Heartbeat, GameId=3 from 127.0.0.1:12001
2017-08-30 09:02:05,619 [Worker] DEBUG WordGuessPlayer.Worker - Enter ProcessMessage
2017-08-30 09:02:05,620 [Worker] DEBUG WordGuessPlayer.Worker - Leaving ProcessMessage
2017-08-30 09:02:06,018 [Listener] DEBUG Common.Messages.HintMessage - Decode an HintMessage
2017-08-30 09:02:06,018 [Listener] DEBUG Common.Messages.HintMessage - Decoded GameId = 3
2017-08-30 09:02:06,018 [Listener] DEBUG Common.Messages.HintMessage - Decoded Hint = ______p__
2017-08-30 09:02:06,019 [Listener] DEBUG Common.Messages.MessageQueue - Entering MessageQueue.Enqueue
2017-08-30 09:02:06,019 [Listener] DEBUG Common.Messages.MessageQueue - Leaving MessageQueue.Enqueue
2017-08-30 09:02:06,019 [Worker] DEBUG Common.Messages.MessageQueue - Entering MessageQueue.Dequeue
2017-08-30 09:02:06,019 [Worker] DEBUG Common.Messages.MessageQueue - Leaving MessageQueue.Dequeue
2017-08-30 09:02:06,020 [Worker] INFO  WordGuessPlayer.Worker - Processing Type=Hint, GameId=3, Word=______p__ from 127.0.0.1:12001
2017-08-30 09:02:06,020 [Worker] DEBUG WordGuessPlayer.Worker - Enter ProcessMessage
2017-08-30 09:02:06,021 [Worker] DEBUG WordGuessPlayer.Worker - Leaving ProcessMessage
2017-08-30 09:02:06,119 [Listener] DEBUG Common.Messages.HeartbeatMessage - Decode an HeartbeatMessage
2017-08-30 09:02:06,119 [Listener] DEBUG Common.Messages.HeartbeatMessage - Decoded GameId = 1
2017-08-30 09:02:06,119 [Listener] DEBUG Common.Messages.MessageQueue - Entering MessageQueue.Enqueue
2017-08-30 09:02:06,119 [Listener] DEBUG Common.Messages.MessageQueue - Leaving MessageQueue.Enqueue
2017-08-30 09:02:06,119 [Listener] DEBUG Common.Messages.HeartbeatMessage - Decode an HeartbeatMessage
2017-08-30 09:02:06,119 [Listener] DEBUG Common.Messages.HeartbeatMessage - Decoded GameId = 2
2017-08-30 09:02:06,119 [Listener] DEBUG Common.Messages.MessageQueue - Entering MessageQueue.Enqueue
2017-08-30 09:02:06,119 [Listener] DEBUG Common.Messages.MessageQueue - Leaving MessageQueue.Enqueue
2017-08-30 09:02:06,119 [Worker] DEBUG Common.Messages.MessageQueue - Entering MessageQueue.Dequeue
2017-08-30 09:02:06,119 [Worker] DEBUG Common.Messages.MessageQueue - Leaving MessageQueue.Dequeue
2017-08-30 09:02:06,119 [Worker] INFO  WordGuessPlayer.Worker - Processing Type=Heartbeat, GameId=1 from 127.0.0.1:12001
2017-08-30 09:02:06,119 [Worker] DEBUG WordGuessPlayer.Worker - Enter ProcessMessage
2017-08-30 09:02:06,119 [Listener] DEBUG Common.Messages.HeartbeatMessage - Decode an HeartbeatMessage
2017-08-30 09:02:06,120 [Listener] DEBUG Common.Messages.HeartbeatMessage - Decoded GameId = 3
2017-08-30 09:02:06,120 [Listener] DEBUG Common.Messages.MessageQueue - Entering MessageQueue.Enqueue
2017-08-30 09:02:06,120 [Listener] DEBUG Common.Messages.MessageQueue - Leaving MessageQueue.Enqueue
2017-08-30 09:02:06,122 [Worker] DEBUG WordGuessPlayer.Worker - Leaving ProcessMessage
2017-08-30 09:02:06,122 [Worker] DEBUG Common.Messages.MessageQueue - Entering MessageQueue.Dequeue
2017-08-30 09:02:06,123 [Worker] DEBUG Common.Messages.MessageQueue - Leaving MessageQueue.Dequeue
2017-08-30 09:02:06,123 [Worker] INFO  WordGuessPlayer.Worker - Processing Type=Heartbeat, GameId=2 from 127.0.0.1:12001
2017-08-30 09:02:06,123 [Worker] DEBUG WordGuessPlayer.Worker - Enter ProcessMessage
2017-08-30 09:02:06,123 [Worker] DEBUG WordGuessPlayer.Worker - Leaving ProcessMessage
2017-08-30 09:02:06,123 [Worker] DEBUG Common.Messages.MessageQueue - Entering MessageQueue.Dequeue
2017-08-30 09:02:06,123 [Worker] DEBUG Common.Messages.MessageQueue - Leaving MessageQueue.Dequeue
2017-08-30 09:02:06,123 [Worker] INFO  WordGuessPlayer.Worker - Processing Type=Heartbeat, GameId=3 from 127.0.0.1:12001
2017-08-30 09:02:06,124 [Worker] DEBUG WordGuessPlayer.Worker - Enter ProcessMessage
2017-08-30 09:02:06,124 [Worker] DEBUG WordGuessPlayer.Worker - Leaving ProcessMessage
2017-08-30 09:02:06,180 [Listener] DEBUG Common.Messages.HintMessage - Decode an HintMessage
2017-08-30 09:02:06,180 [Listener] DEBUG Common.Messages.HintMessage - Decoded GameId = 3
2017-08-30 09:02:06,180 [Listener] DEBUG Common.Messages.HintMessage - Decoded Hint = _____ep__
2017-08-30 09:02:06,180 [Listener] DEBUG Common.Messages.MessageQueue - Entering MessageQueue.Enqueue
2017-08-30 09:02:06,180 [Listener] DEBUG Common.Messages.MessageQueue - Leaving MessageQueue.Enqueue
2017-08-30 09:02:06,181 [Worker] DEBUG Common.Messages.MessageQueue - Entering MessageQueue.Dequeue
2017-08-30 09:02:06,181 [Worker] DEBUG Common.Messages.MessageQueue - Leaving MessageQueue.Dequeue
2017-08-30 09:02:06,181 [Worker] INFO  WordGuessPlayer.Worker - Processing Type=Hint, GameId=3, Word=_____ep__ from 127.0.0.1:12001
2017-08-30 09:02:06,181 [Worker] DEBUG WordGuessPlayer.Worker - Enter ProcessMessage
2017-08-30 09:02:06,181 [Worker] DEBUG WordGuessPlayer.Worker - Leaving ProcessMessage
2017-08-30 09:02:06,360 [Listener] DEBUG Common.Messages.HintMessage - Decode an HintMessage
2017-08-30 09:02:06,360 [Listener] DEBUG Common.Messages.HintMessage - Decoded GameId = 3
2017-08-30 09:02:06,360 [Listener] DEBUG Common.Messages.HintMessage - Decoded Hint = m____ep__
2017-08-30 09:02:06,360 [Listener] DEBUG Common.Messages.MessageQueue - Entering MessageQueue.Enqueue
2017-08-30 09:02:06,360 [Listener] DEBUG Common.Messages.MessageQueue - Leaving MessageQueue.Enqueue
2017-08-30 09:02:06,360 [Worker] DEBUG Common.Messages.MessageQueue - Entering MessageQueue.Dequeue
2017-08-30 09:02:06,360 [Worker] DEBUG Common.Messages.MessageQueue - Leaving MessageQueue.Dequeue
2017-08-30 09:02:06,360 [Worker] INFO  WordGuessPlayer.Worker - Processing Type=Hint, GameId=3, Word=m____ep__ from 127.0.0.1:12001
2017-08-30 09:02:06,360 [Worker] DEBUG WordGuessPlayer.Worker - Enter ProcessMessage
2017-08-30 09:02:06,361 [Worker] DEBUG WordGuessPlayer.Worker - Leaving ProcessMessage
2017-08-30 09:02:06,530 [Listener] DEBUG Common.Messages.HintMessage - Decode an HintMessage
2017-08-30 09:02:06,530 [Listener] DEBUG Common.Messages.HintMessage - Decoded GameId = 3
2017-08-30 09:02:06,530 [Listener] DEBUG Common.Messages.HintMessage - Decoded Hint = m__o_ep__
2017-08-30 09:02:06,530 [Listener] DEBUG Common.Messages.MessageQueue - Entering MessageQueue.Enqueue
2017-08-30 09:02:06,530 [Listener] DEBUG Common.Messages.MessageQueue - Leaving MessageQueue.Enqueue
2017-08-30 09:02:06,530 [Worker] DEBUG Common.Messages.MessageQueue - Entering MessageQueue.Dequeue
2017-08-30 09:02:06,530 [Worker] DEBUG Common.Messages.MessageQueue - Leaving MessageQueue.Dequeue
2017-08-30 09:02:06,530 [Worker] INFO  WordGuessPlayer.Worker - Processing Type=Hint, GameId=3, Word=m__o_ep__ from 127.0.0.1:12001
2017-08-30 09:02:06,530 [Worker] DEBUG WordGuessPlayer.Worker - Enter ProcessMessage
2017-08-30 09:02:06,531 [Worker] DEBUG WordGuessPlayer.Worker - Leaving ProcessMessage
2017-08-30 09:02:06,620 [Listener] DEBUG Common.Messages.HeartbeatMessage - Decode an HeartbeatMessage
2017-08-30 09:02:06,620 [Listener] DEBUG Common.Messages.HeartbeatMessage - Decoded GameId = 1
2017-08-30 09:02:06,620 [Listener] DEBUG Common.Messages.MessageQueue - Entering MessageQueue.Enqueue
2017-08-30 09:02:06,620 [Listener] DEBUG Common.Messages.MessageQueue - Leaving MessageQueue.Enqueue
2017-08-30 09:02:06,620 [Worker] DEBUG Common.Messages.MessageQueue - Entering MessageQueue.Dequeue
2017-08-30 09:02:06,620 [Worker] DEBUG Common.Messages.MessageQueue - Leaving MessageQueue.Dequeue
2017-08-30 09:02:06,620 [Worker] INFO  WordGuessPlayer.Worker - Processing Type=Heartbeat, GameId=1 from 127.0.0.1:12001
2017-08-30 09:02:06,620 [Worker] DEBUG WordGuessPlayer.Worker - Enter ProcessMessage
2017-08-30 09:02:06,620 [Listener] DEBUG Common.Messages.HeartbeatMessage - Decode an HeartbeatMessage
2017-08-30 09:02:06,620 [Listener] DEBUG Common.Messages.HeartbeatMessage - Decoded GameId = 2
2017-08-30 09:02:06,620 [Listener] DEBUG Common.Messages.MessageQueue - Entering MessageQueue.Enqueue
2017-08-30 09:02:06,621 [Listener] DEBUG Common.Messages.MessageQueue - Leaving MessageQueue.Enqueue
2017-08-30 09:02:06,621 [Listener] DEBUG Common.Messages.HeartbeatMessage - Decode an HeartbeatMessage
2017-08-30 09:02:06,621 [Listener] DEBUG Common.Messages.HeartbeatMessage - Decoded GameId = 3
2017-08-30 09:02:06,621 [Worker] DEBUG WordGuessPlayer.Worker - Leaving ProcessMessage
2017-08-30 09:02:06,621 [Worker] DEBUG Common.Messages.MessageQueue - Entering MessageQueue.Dequeue
2017-08-30 09:02:06,621 [Worker] DEBUG Common.Messages.MessageQueue - Leaving MessageQueue.Dequeue
2017-08-30 09:02:06,622 [Worker] INFO  WordGuessPlayer.Worker - Processing Type=Heartbeat, GameId=2 from 127.0.0.1:12001
2017-08-30 09:02:06,622 [Worker] DEBUG WordGuessPlayer.Worker - Enter ProcessMessage
2017-08-30 09:02:06,621 [Listener] DEBUG Common.Messages.MessageQueue - Entering MessageQueue.Enqueue
2017-08-30 09:02:06,622 [Listener] DEBUG Common.Messages.MessageQueue - Leaving MessageQueue.Enqueue
2017-08-30 09:02:06,622 [Worker] DEBUG WordGuessPlayer.Worker - Leaving ProcessMessage
2017-08-30 09:02:06,622 [Worker] DEBUG Common.Messages.MessageQueue - Entering MessageQueue.Dequeue
2017-08-30 09:02:06,622 [Worker] DEBUG Common.Messages.MessageQueue - Leaving MessageQueue.Dequeue
2017-08-30 09:02:06,622 [Worker] INFO  WordGuessPlayer.Worker - Processing Type=Heartbeat, GameId=3 from 127.0.0.1:12001
2017-08-30 09:02:06,622 [Worker] DEBUG WordGuessPlayer.Worker - Enter ProcessMessage
2017-08-30 09:02:06,622 [Worker] DEBUG WordGuessPlayer.Worker - Leaving ProcessMessage
2017-08-30 09:02:06,672 [Listener] DEBUG Common.Messages.HintMessage - Decode an HintMessage
2017-08-30 09:02:06,672 [Listener] DEBUG Common.Messages.HintMessage - Decoded GameId = 3
2017-08-30 09:02:06,672 [Listener] DEBUG Common.Messages.HintMessage - Decoded Hint = m__opep__
2017-08-30 09:02:06,672 [Listener] DEBUG Common.Messages.MessageQueue - Entering MessageQueue.Enqueue
2017-08-30 09:02:06,672 [Listener] DEBUG Common.Messages.MessageQueue - Leaving MessageQueue.Enqueue
2017-08-30 09:02:06,672 [Worker] DEBUG Common.Messages.MessageQueue - Entering MessageQueue.Dequeue
2017-08-30 09:02:06,672 [Worker] DEBUG Common.Messages.MessageQueue - Leaving MessageQueue.Dequeue
2017-08-30 09:02:06,672 [Worker] INFO  WordGuessPlayer.Worker - Processing Type=Hint, GameId=3, Word=m__opep__ from 127.0.0.1:12001
2017-08-30 09:02:06,672 [Worker] DEBUG WordGuessPlayer.Worker - Enter ProcessMessage
2017-08-30 09:02:06,673 [Worker] DEBUG WordGuessPlayer.Worker - Leaving ProcessMessage
2017-08-30 09:02:06,842 [Listener] DEBUG Common.Messages.HintMessage - Decode an HintMessage
2017-08-30 09:02:06,842 [Listener] DEBUG Common.Messages.HintMessage - Decoded GameId = 3
2017-08-30 09:02:06,842 [Listener] DEBUG Common.Messages.HintMessage - Decoded Hint = me_opep__
2017-08-30 09:02:06,842 [Listener] DEBUG Common.Messages.MessageQueue - Entering MessageQueue.Enqueue
2017-08-30 09:02:06,842 [Listener] DEBUG Common.Messages.MessageQueue - Leaving MessageQueue.Enqueue
2017-08-30 09:02:06,842 [Worker] DEBUG Common.Messages.MessageQueue - Entering MessageQueue.Dequeue
2017-08-30 09:02:06,842 [Worker] DEBUG Common.Messages.MessageQueue - Leaving MessageQueue.Dequeue
2017-08-30 09:02:06,842 [Worker] INFO  WordGuessPlayer.Worker - Processing Type=Hint, GameId=3, Word=me_opep__ from 127.0.0.1:12001
2017-08-30 09:02:06,842 [Worker] DEBUG WordGuessPlayer.Worker - Enter ProcessMessage
2017-08-30 09:02:06,843 [Worker] DEBUG WordGuessPlayer.Worker - Leaving ProcessMessage
2017-08-30 09:02:07,122 [Listener] DEBUG Common.Messages.HeartbeatMessage - Decode an HeartbeatMessage
2017-08-30 09:02:07,122 [Listener] DEBUG Common.Messages.HeartbeatMessage - Decoded GameId = 1
2017-08-30 09:02:07,122 [Listener] DEBUG Common.Messages.MessageQueue - Entering MessageQueue.Enqueue
2017-08-30 09:02:07,122 [Listener] DEBUG Common.Messages.MessageQueue - Leaving MessageQueue.Enqueue
2017-08-30 09:02:07,122 [Listener] DEBUG Common.Messages.HeartbeatMessage - Decode an HeartbeatMessage
2017-08-30 09:02:07,122 [Listener] DEBUG Common.Messages.HeartbeatMessage - Decoded GameId = 2
2017-08-30 09:02:07,122 [Listener] DEBUG Common.Messages.MessageQueue - Entering MessageQueue.Enqueue
2017-08-30 09:02:07,122 [Listener] DEBUG Common.Messages.MessageQueue - Leaving MessageQueue.Enqueue
2017-08-30 09:02:07,123 [Listener] DEBUG Common.Messages.HeartbeatMessage - Decode an HeartbeatMessage
2017-08-30 09:02:07,123 [Listener] DEBUG Common.Messages.HeartbeatMessage - Decoded GameId = 3
2017-08-30 09:02:07,123 [Listener] DEBUG Common.Messages.MessageQueue - Entering MessageQueue.Enqueue
2017-08-30 09:02:07,123 [Listener] DEBUG Common.Messages.MessageQueue - Leaving MessageQueue.Enqueue
2017-08-30 09:02:07,122 [Worker] DEBUG Common.Messages.MessageQueue - Entering MessageQueue.Dequeue
2017-08-30 09:02:07,123 [Worker] DEBUG Common.Messages.MessageQueue - Leaving MessageQueue.Dequeue
2017-08-30 09:02:07,123 [Worker] INFO  WordGuessPlayer.Worker - Processing Type=Heartbeat, GameId=1 from 127.0.0.1:12001
2017-08-30 09:02:07,123 [Worker] DEBUG WordGuessPlayer.Worker - Enter ProcessMessage
2017-08-30 09:02:07,124 [Worker] DEBUG WordGuessPlayer.Worker - Leaving ProcessMessage
2017-08-30 09:02:07,124 [Worker] DEBUG Common.Messages.MessageQueue - Entering MessageQueue.Dequeue
2017-08-30 09:02:07,124 [Worker] DEBUG Common.Messages.MessageQueue - Leaving MessageQueue.Dequeue
2017-08-30 09:02:07,124 [Worker] INFO  WordGuessPlayer.Worker - Processing Type=Heartbeat, GameId=2 from 127.0.0.1:12001
2017-08-30 09:02:07,124 [Worker] DEBUG WordGuessPlayer.Worker - Enter ProcessMessage
2017-08-30 09:02:07,125 [Worker] DEBUG WordGuessPlayer.Worker - Leaving ProcessMessage
2017-08-30 09:02:07,125 [Worker] DEBUG Common.Messages.MessageQueue - Entering MessageQueue.Dequeue
2017-08-30 09:02:07,125 [Worker] DEBUG Common.Messages.MessageQueue - Leaving MessageQueue.Dequeue
2017-08-30 09:02:07,125 [Worker] INFO  WordGuessPlayer.Worker - Processing Type=Heartbeat, GameId=3 from 127.0.0.1:12001
2017-08-30 09:02:07,125 [Worker] DEBUG WordGuessPlayer.Worker - Enter ProcessMessage
2017-08-30 09:02:07,125 [Worker] DEBUG WordGuessPlayer.Worker - Leaving ProcessMessage
2017-08-30 09:02:07,173 [Listener] DEBUG Common.Messages.HintMessage - Decode an HintMessage
2017-08-30 09:02:07,173 [Listener] DEBUG Common.Messages.HintMessage - Decoded GameId = 3
2017-08-30 09:02:07,173 [Listener] DEBUG Common.Messages.HintMessage - Decoded Hint = melopep__
2017-08-30 09:02:07,173 [Listener] DEBUG Common.Messages.MessageQueue - Entering MessageQueue.Enqueue
2017-08-30 09:02:07,173 [Listener] DEBUG Common.Messages.MessageQueue - Leaving MessageQueue.Enqueue
2017-08-30 09:02:07,173 [Worker] DEBUG Common.Messages.MessageQueue - Entering MessageQueue.Dequeue
2017-08-30 09:02:07,173 [Worker] DEBUG Common.Messages.MessageQueue - Leaving MessageQueue.Dequeue
2017-08-30 09:02:07,173 [Worker] INFO  WordGuessPlayer.Worker - Processing Type=Hint, GameId=3, Word=melopep__ from 127.0.0.1:12001
2017-08-30 09:02:07,174 [Worker] DEBUG WordGuessPlayer.Worker - Enter ProcessMessage
2017-08-30 09:02:07,174 [Worker] DEBUG WordGuessPlayer.Worker - Leaving ProcessMessage
2017-08-30 09:02:07,333 [Listener] DEBUG Common.Messages.HintMessage - Decode an HintMessage
2017-08-30 09:02:07,333 [Listener] DEBUG Common.Messages.HintMessage - Decoded GameId = 3
2017-08-30 09:02:07,333 [Listener] DEBUG Common.Messages.HintMessage - Decoded Hint = melopepo_
2017-08-30 09:02:07,333 [Listener] DEBUG Common.Messages.MessageQueue - Entering MessageQueue.Enqueue
2017-08-30 09:02:07,333 [Listener] DEBUG Common.Messages.MessageQueue - Leaving MessageQueue.Enqueue
2017-08-30 09:02:07,333 [Worker] DEBUG Common.Messages.MessageQueue - Entering MessageQueue.Dequeue
2017-08-30 09:02:07,333 [Worker] DEBUG Common.Messages.MessageQueue - Leaving MessageQueue.Dequeue
2017-08-30 09:02:07,333 [Worker] INFO  WordGuessPlayer.Worker - Processing Type=Hint, GameId=3, Word=melopepo_ from 127.0.0.1:12001
2017-08-30 09:02:07,334 [Worker] DEBUG WordGuessPlayer.Worker - Enter ProcessMessage
2017-08-30 09:02:07,334 [Worker] DEBUG WordGuessPlayer.Worker - Leaving ProcessMessage
2017-08-30 09:02:07,623 [Listener] DEBUG Common.Messages.HeartbeatMessage - Decode an HeartbeatMessage
2017-08-30 09:02:07,623 [Listener] DEBUG Common.Messages.HeartbeatMessage - Decoded GameId = 1
2017-08-30 09:02:07,623 [Listener] DEBUG Common.Messages.MessageQueue - Entering MessageQueue.Enqueue
2017-08-30 09:02:07,623 [Listener] DEBUG Common.Messages.MessageQueue - Leaving MessageQueue.Enqueue
2017-08-30 09:02:07,623 [Listener] DEBUG Common.Messages.HeartbeatMessage - Decode an HeartbeatMessage
2017-08-30 09:02:07,623 [Listener] DEBUG Common.Messages.HeartbeatMessage - Decoded GameId = 2
2017-08-30 09:02:07,623 [Worker] DEBUG Common.Messages.MessageQueue - Entering MessageQueue.Dequeue
2017-08-30 09:02:07,623 [Worker] DEBUG Common.Messages.MessageQueue - Leaving MessageQueue.Dequeue
2017-08-30 09:02:07,624 [Worker] INFO  WordGuessPlayer.Worker - Processing Type=Heartbeat, GameId=1 from 127.0.0.1:12001
2017-08-30 09:02:07,624 [Worker] DEBUG WordGuessPlayer.Worker - Enter ProcessMessage
2017-08-30 09:02:07,623 [Listener] DEBUG Common.Messages.MessageQueue - Entering MessageQueue.Enqueue
2017-08-30 09:02:07,625 [Listener] DEBUG Common.Messages.MessageQueue - Leaving MessageQueue.Enqueue
2017-08-30 09:02:07,625 [Listener] DEBUG Common.Messages.HeartbeatMessage - Decode an HeartbeatMessage
2017-08-30 09:02:07,625 [Listener] DEBUG Common.Messages.HeartbeatMessage - Decoded GameId = 3
2017-08-30 09:02:07,625 [Listener] DEBUG Common.Messages.MessageQueue - Entering MessageQueue.Enqueue
2017-08-30 09:02:07,625 [Listener] DEBUG Common.Messages.MessageQueue - Leaving MessageQueue.Enqueue
2017-08-30 09:02:07,625 [Worker] DEBUG WordGuessPlayer.Worker - Leaving ProcessMessage
2017-08-30 09:02:07,626 [Worker] DEBUG Common.Messages.MessageQueue - Entering MessageQueue.Dequeue
2017-08-30 09:02:07,626 [Worker] DEBUG Common.Messages.MessageQueue - Leaving MessageQueue.Dequeue
2017-08-30 09:02:07,626 [Worker] INFO  WordGuessPlayer.Worker - Processing Type=Heartbeat, GameId=2 from 127.0.0.1:12001
2017-08-30 09:02:07,626 [Worker] DEBUG WordGuessPlayer.Worker - Enter ProcessMessage
2017-08-30 09:02:07,626 [Worker] DEBUG WordGuessPlayer.Worker - Leaving ProcessMessage
2017-08-30 09:02:07,626 [Worker] DEBUG Common.Messages.MessageQueue - Entering MessageQueue.Dequeue
2017-08-30 09:02:07,626 [Worker] DEBUG Common.Messages.MessageQueue - Leaving MessageQueue.Dequeue
2017-08-30 09:02:07,626 [Worker] INFO  WordGuessPlayer.Worker - Processing Type=Heartbeat, GameId=3 from 127.0.0.1:12001
2017-08-30 09:02:07,627 [Worker] DEBUG WordGuessPlayer.Worker - Enter ProcessMessage
2017-08-30 09:02:07,627 [Worker] DEBUG WordGuessPlayer.Worker - Leaving ProcessMessage
2017-08-30 09:02:08,126 [Listener] DEBUG Common.Messages.HeartbeatMessage - Decode an HeartbeatMessage
2017-08-30 09:02:08,126 [Listener] DEBUG Common.Messages.HeartbeatMessage - Decoded GameId = 1
2017-08-30 09:02:08,126 [Listener] DEBUG Common.Messages.MessageQueue - Entering MessageQueue.Enqueue
2017-08-30 09:02:08,126 [Listener] DEBUG Common.Messages.MessageQueue - Leaving MessageQueue.Enqueue
2017-08-30 09:02:08,126 [Listener] DEBUG Common.Messages.HeartbeatMessage - Decode an HeartbeatMessage
2017-08-30 09:02:08,126 [Worker] DEBUG Common.Messages.MessageQueue - Entering MessageQueue.Dequeue
2017-08-30 09:02:08,126 [Worker] DEBUG Common.Messages.MessageQueue - Leaving MessageQueue.Dequeue
2017-08-30 09:02:08,126 [Worker] INFO  WordGuessPlayer.Worker - Processing Type=Heartbeat, GameId=1 from 127.0.0.1:12001
2017-08-30 09:02:08,126 [Worker] DEBUG WordGuessPlayer.Worker - Enter ProcessMessage
2017-08-30 09:02:08,126 [Listener] DEBUG Common.Messages.HeartbeatMessage - Decoded GameId = 2
2017-08-30 09:02:08,127 [Listener] DEBUG Common.Messages.MessageQueue - Entering MessageQueue.Enqueue
2017-08-30 09:02:08,127 [Listener] DEBUG Common.Messages.MessageQueue - Leaving MessageQueue.Enqueue
2017-08-30 09:02:08,127 [Listener] DEBUG Common.Messages.HeartbeatMessage - Decode an HeartbeatMessage
2017-08-30 09:02:08,127 [Listener] DEBUG Common.Messages.HeartbeatMessage - Decoded GameId = 3
2017-08-30 09:02:08,127 [Listener] DEBUG Common.Messages.MessageQueue - Entering MessageQueue.Enqueue
2017-08-30 09:02:08,127 [Listener] DEBUG Common.Messages.MessageQueue - Leaving MessageQueue.Enqueue
2017-08-30 09:02:08,127 [Worker] DEBUG WordGuessPlayer.Worker - Leaving ProcessMessage
2017-08-30 09:02:08,127 [Worker] DEBUG Common.Messages.MessageQueue - Entering MessageQueue.Dequeue
2017-08-30 09:02:08,127 [Worker] DEBUG Common.Messages.MessageQueue - Leaving MessageQueue.Dequeue
2017-08-30 09:02:08,127 [Worker] INFO  WordGuessPlayer.Worker - Processing Type=Heartbeat, GameId=2 from 127.0.0.1:12001
2017-08-30 09:02:08,128 [Worker] DEBUG WordGuessPlayer.Worker - Enter ProcessMessage
2017-08-30 09:02:08,128 [Worker] DEBUG WordGuessPlayer.Worker - Leaving ProcessMessage
2017-08-30 09:02:08,128 [Worker] DEBUG Common.Messages.MessageQueue - Entering MessageQueue.Dequeue
2017-08-30 09:02:08,128 [Worker] DEBUG Common.Messages.MessageQueue - Leaving MessageQueue.Dequeue
2017-08-30 09:02:08,128 [Worker] INFO  WordGuessPlayer.Worker - Processing Type=Heartbeat, GameId=3 from 127.0.0.1:12001
2017-08-30 09:02:08,128 [Worker] DEBUG WordGuessPlayer.Worker - Enter ProcessMessage
2017-08-30 09:02:08,129 [Worker] DEBUG WordGuessPlayer.Worker - Leaving ProcessMessage
2017-08-30 09:02:08,627 [Listener] DEBUG Common.Messages.HeartbeatMessage - Decode an HeartbeatMessage
2017-08-30 09:02:08,627 [Listener] DEBUG Common.Messages.HeartbeatMessage - Decoded GameId = 1
2017-08-30 09:02:08,627 [Listener] DEBUG Common.Messages.MessageQueue - Entering MessageQueue.Enqueue
2017-08-30 09:02:08,627 [Listener] DEBUG Common.Messages.MessageQueue - Leaving MessageQueue.Enqueue
2017-08-30 09:02:08,627 [Listener] DEBUG Common.Messages.HeartbeatMessage - Decode an HeartbeatMessage
2017-08-30 09:02:08,627 [Listener] DEBUG Common.Messages.HeartbeatMessage - Decoded GameId = 2
2017-08-30 09:02:08,627 [Listener] DEBUG Common.Messages.MessageQueue - Entering MessageQueue.Enqueue
2017-08-30 09:02:08,627 [Listener] DEBUG Common.Messages.MessageQueue - Leaving MessageQueue.Enqueue
2017-08-30 09:02:08,627 [Listener] DEBUG Common.Messages.HeartbeatMessage - Decode an HeartbeatMessage
2017-08-30 09:02:08,628 [Listener] DEBUG Common.Messages.HeartbeatMessage - Decoded GameId = 3
2017-08-30 09:02:08,628 [Listener] DEBUG Common.Messages.MessageQueue - Entering MessageQueue.Enqueue
2017-08-30 09:02:08,628 [Listener] DEBUG Common.Messages.MessageQueue - Leaving MessageQueue.Enqueue
2017-08-30 09:02:08,627 [Worker] DEBUG Common.Messages.MessageQueue - Entering MessageQueue.Dequeue
2017-08-30 09:02:08,628 [Worker] DEBUG Common.Messages.MessageQueue - Leaving MessageQueue.Dequeue
2017-08-30 09:02:08,628 [Worker] INFO  WordGuessPlayer.Worker - Processing Type=Heartbeat, GameId=1 from 127.0.0.1:12001
2017-08-30 09:02:08,628 [Worker] DEBUG WordGuessPlayer.Worker - Enter ProcessMessage
2017-08-30 09:02:08,629 [Worker] DEBUG WordGuessPlayer.Worker - Leaving ProcessMessage
2017-08-30 09:02:08,629 [Worker] DEBUG Common.Messages.MessageQueue - Entering MessageQueue.Dequeue
2017-08-30 09:02:08,629 [Worker] DEBUG Common.Messages.MessageQueue - Leaving MessageQueue.Dequeue
2017-08-30 09:02:08,629 [Worker] INFO  WordGuessPlayer.Worker - Processing Type=Heartbeat, GameId=2 from 127.0.0.1:12001
2017-08-30 09:02:08,629 [Worker] DEBUG WordGuessPlayer.Worker - Enter ProcessMessage
2017-08-30 09:02:08,629 [Worker] DEBUG WordGuessPlayer.Worker - Leaving ProcessMessage
2017-08-30 09:02:08,629 [Worker] DEBUG Common.Messages.MessageQueue - Entering MessageQueue.Dequeue
2017-08-30 09:02:08,629 [Worker] DEBUG Common.Messages.MessageQueue - Leaving MessageQueue.Dequeue
2017-08-30 09:02:08,630 [Worker] INFO  WordGuessPlayer.Worker - Processing Type=Heartbeat, GameId=3 from 127.0.0.1:12001
2017-08-30 09:02:08,630 [Worker] DEBUG WordGuessPlayer.Worker - Enter ProcessMessage
2017-08-30 09:02:08,630 [Worker] DEBUG WordGuessPlayer.Worker - Leaving ProcessMessage
2017-08-30 09:02:09,128 [Listener] DEBUG Common.Messages.HeartbeatMessage - Decode an HeartbeatMessage
2017-08-30 09:02:09,128 [Listener] DEBUG Common.Messages.HeartbeatMessage - Decoded GameId = 1
2017-08-30 09:02:09,128 [Listener] DEBUG Common.Messages.MessageQueue - Entering MessageQueue.Enqueue
2017-08-30 09:02:09,128 [Listener] DEBUG Common.Messages.MessageQueue - Leaving MessageQueue.Enqueue
2017-08-30 09:02:09,128 [Listener] DEBUG Common.Messages.HeartbeatMessage - Decode an HeartbeatMessage
2017-08-30 09:02:09,128 [Worker] DEBUG Common.Messages.MessageQueue - Entering MessageQueue.Dequeue
2017-08-30 09:02:09,128 [Worker] DEBUG Common.Messages.MessageQueue - Leaving MessageQueue.Dequeue
2017-08-30 09:02:09,128 [Worker] INFO  WordGuessPlayer.Worker - Processing Type=Heartbeat, GameId=1 from 127.0.0.1:12001
2017-08-30 09:02:09,129 [Worker] DEBUG WordGuessPlayer.Worker - Enter ProcessMessage
2017-08-30 09:02:09,128 [Listener] DEBUG Common.Messages.HeartbeatMessage - Decoded GameId = 2
2017-08-30 09:02:09,129 [Listener] DEBUG Common.Messages.MessageQueue - Entering MessageQueue.Enqueue
2017-08-30 09:02:09,129 [Listener] DEBUG Common.Messages.MessageQueue - Leaving MessageQueue.Enqueue
2017-08-30 09:02:09,129 [Worker] DEBUG WordGuessPlayer.Worker - Leaving ProcessMessage
2017-08-30 09:02:09,130 [Worker] DEBUG Common.Messages.MessageQueue - Entering MessageQueue.Dequeue
2017-08-30 09:02:09,130 [Worker] DEBUG Common.Messages.MessageQueue - Leaving MessageQueue.Dequeue
2017-08-30 09:02:09,130 [Worker] INFO  WordGuessPlayer.Worker - Processing Type=Heartbeat, GameId=2 from 127.0.0.1:12001
2017-08-30 09:02:09,130 [Worker] DEBUG WordGuessPlayer.Worker - Enter ProcessMessage
2017-08-30 09:02:09,130 [Listener] DEBUG Common.Messages.HeartbeatMessage - Decode an HeartbeatMessage
2017-08-30 09:02:09,130 [Listener] DEBUG Common.Messages.HeartbeatMessage - Decoded GameId = 3
2017-08-30 09:02:09,130 [Listener] DEBUG Common.Messages.MessageQueue - Entering MessageQueue.Enqueue
2017-08-30 09:02:09,130 [Listener] DEBUG Common.Messages.MessageQueue - Leaving MessageQueue.Enqueue
2017-08-30 09:02:09,131 [Worker] DEBUG WordGuessPlayer.Worker - Leaving ProcessMessage
2017-08-30 09:02:09,131 [Worker] DEBUG Common.Messages.MessageQueue - Entering MessageQueue.Dequeue
2017-08-30 09:02:09,131 [Worker] DEBUG Common.Messages.MessageQueue - Leaving MessageQueue.Dequeue
2017-08-30 09:02:09,131 [Worker] INFO  WordGuessPlayer.Worker - Processing Type=Heartbeat, GameId=3 from 127.0.0.1:12001
2017-08-30 09:02:09,131 [Worker] DEBUG WordGuessPlayer.Worker - Enter ProcessMessage
2017-08-30 09:02:09,131 [Worker] DEBUG WordGuessPlayer.Worker - Leaving ProcessMessage
2017-08-30 09:02:09,630 [Listener] DEBUG Common.Messages.HeartbeatMessage - Decode an HeartbeatMessage
2017-08-30 09:02:09,630 [Listener] DEBUG Common.Messages.HeartbeatMessage - Decoded GameId = 1
2017-08-30 09:02:09,630 [Listener] DEBUG Common.Messages.MessageQueue - Entering MessageQueue.Enqueue
2017-08-30 09:02:09,630 [Listener] DEBUG Common.Messages.MessageQueue - Leaving MessageQueue.Enqueue
2017-08-30 09:02:09,630 [Worker] DEBUG Common.Messages.MessageQueue - Entering MessageQueue.Dequeue
2017-08-30 09:02:09,630 [Worker] DEBUG Common.Messages.MessageQueue - Leaving MessageQueue.Dequeue
2017-08-30 09:02:09,630 [Worker] INFO  WordGuessPlayer.Worker - Processing Type=Heartbeat, GameId=1 from 127.0.0.1:12001
2017-08-30 09:02:09,630 [Worker] DEBUG WordGuessPlayer.Worker - Enter ProcessMessage
2017-08-30 09:02:09,630 [Listener] DEBUG Common.Messages.HeartbeatMessage - Decode an HeartbeatMessage
2017-08-30 09:02:09,631 [Listener] DEBUG Common.Messages.HeartbeatMessage - Decoded GameId = 2
2017-08-30 09:02:09,631 [Listener] DEBUG Common.Messages.MessageQueue - Entering MessageQueue.Enqueue
2017-08-30 09:02:09,631 [Listener] DEBUG Common.Messages.MessageQueue - Leaving MessageQueue.Enqueue
2017-08-30 09:02:09,631 [Worker] DEBUG WordGuessPlayer.Worker - Leaving ProcessMessage
2017-08-30 09:02:09,631 [Worker] DEBUG Common.Messages.MessageQueue - Entering MessageQueue.Dequeue
2017-08-30 09:02:09,632 [Worker] DEBUG Common.Messages.MessageQueue - Leaving MessageQueue.Dequeue
2017-08-30 09:02:09,633 [Worker] INFO  WordGuessPlayer.Worker - Processing Type=Heartbeat, GameId=2 from 127.0.0.1:12001
2017-08-30 09:02:09,633 [Worker] DEBUG WordGuessPlayer.Worker - Enter ProcessMessage
2017-08-30 09:02:09,631 [Listener] DEBUG Common.Messages.HeartbeatMessage - Decode an HeartbeatMessage
2017-08-30 09:02:09,633 [Listener] DEBUG Common.Messages.HeartbeatMessage - Decoded GameId = 3
2017-08-30 09:02:09,634 [Listener] DEBUG Common.Messages.MessageQueue - Entering MessageQueue.Enqueue
2017-08-30 09:02:09,634 [Listener] DEBUG Common.Messages.MessageQueue - Leaving MessageQueue.Enqueue
2017-08-30 09:02:09,633 [Worker] DEBUG WordGuessPlayer.Worker - Leaving ProcessMessage
2017-08-30 09:02:09,634 [Worker] DEBUG Common.Messages.MessageQueue - Entering MessageQueue.Dequeue
2017-08-30 09:02:09,634 [Worker] DEBUG Common.Messages.MessageQueue - Leaving MessageQueue.Dequeue
2017-08-30 09:02:09,634 [Worker] INFO  WordGuessPlayer.Worker - Processing Type=Heartbeat, GameId=3 from 127.0.0.1:12001
2017-08-30 09:02:09,634 [Worker] DEBUG WordGuessPlayer.Worker - Enter ProcessMessage
2017-08-30 09:02:09,635 [Worker] DEBUG WordGuessPlayer.Worker - Leaving ProcessMessage
2017-08-30 09:02:10,134 [Listener] DEBUG Common.Messages.HeartbeatMessage - Decode an HeartbeatMessage
2017-08-30 09:02:10,134 [Listener] DEBUG Common.Messages.HeartbeatMessage - Decoded GameId = 1
2017-08-30 09:02:10,134 [Listener] DEBUG Common.Messages.MessageQueue - Entering MessageQueue.Enqueue
2017-08-30 09:02:10,134 [Listener] DEBUG Common.Messages.MessageQueue - Leaving MessageQueue.Enqueue
2017-08-30 09:02:10,134 [Worker] DEBUG Common.Messages.MessageQueue - Entering MessageQueue.Dequeue
2017-08-30 09:02:10,134 [Worker] DEBUG Common.Messages.MessageQueue - Leaving MessageQueue.Dequeue
2017-08-30 09:02:10,134 [Worker] INFO  WordGuessPlayer.Worker - Processing Type=Heartbeat, GameId=1 from 127.0.0.1:12001
2017-08-30 09:02:10,134 [Worker] DEBUG WordGuessPlayer.Worker - Enter ProcessMessage
2017-08-30 09:02:10,134 [Listener] DEBUG Common.Messages.HeartbeatMessage - Decode an HeartbeatMessage
2017-08-30 09:02:10,134 [Listener] DEBUG Common.Messages.HeartbeatMessage - Decoded GameId = 2
2017-08-30 09:02:10,134 [Listener] DEBUG Common.Messages.MessageQueue - Entering MessageQueue.Enqueue
2017-08-30 09:02:10,135 [Listener] DEBUG Common.Messages.MessageQueue - Leaving MessageQueue.Enqueue
2017-08-30 09:02:10,135 [Worker] DEBUG WordGuessPlayer.Worker - Leaving ProcessMessage
2017-08-30 09:02:10,135 [Worker] DEBUG Common.Messages.MessageQueue - Entering MessageQueue.Dequeue
2017-08-30 09:02:10,135 [Worker] DEBUG Common.Messages.MessageQueue - Leaving MessageQueue.Dequeue
2017-08-30 09:02:10,135 [Worker] INFO  WordGuessPlayer.Worker - Processing Type=Heartbeat, GameId=2 from 127.0.0.1:12001
2017-08-30 09:02:10,135 [Listener] DEBUG Common.Messages.HeartbeatMessage - Decode an HeartbeatMessage
2017-08-30 09:02:10,135 [Listener] DEBUG Common.Messages.HeartbeatMessage - Decoded GameId = 3
2017-08-30 09:02:10,136 [Listener] DEBUG Common.Messages.MessageQueue - Entering MessageQueue.Enqueue
2017-08-30 09:02:10,136 [Listener] DEBUG Common.Messages.MessageQueue - Leaving MessageQueue.Enqueue
2017-08-30 09:02:10,135 [Worker] DEBUG WordGuessPlayer.Worker - Enter ProcessMessage
2017-08-30 09:02:10,136 [Worker] DEBUG WordGuessPlayer.Worker - Leaving ProcessMessage
2017-08-30 09:02:10,136 [Worker] DEBUG Common.Messages.MessageQueue - Entering MessageQueue.Dequeue
2017-08-30 09:02:10,136 [Worker] DEBUG Common.Messages.MessageQueue - Leaving MessageQueue.Dequeue
2017-08-30 09:02:10,136 [Worker] INFO  WordGuessPlayer.Worker - Processing Type=Heartbeat, GameId=3 from 127.0.0.1:12001
2017-08-30 09:02:10,137 [Worker] DEBUG WordGuessPlayer.Worker - Enter ProcessMessage
2017-08-30 09:02:10,137 [Worker] DEBUG WordGuessPlayer.Worker - Leaving ProcessMessage
2017-08-30 09:02:10,636 [Listener] DEBUG Common.Messages.HeartbeatMessage - Decode an HeartbeatMessage
2017-08-30 09:02:10,636 [Listener] DEBUG Common.Messages.HeartbeatMessage - Decoded GameId = 1
2017-08-30 09:02:10,636 [Listener] DEBUG Common.Messages.MessageQueue - Entering MessageQueue.Enqueue
2017-08-30 09:02:10,636 [Listener] DEBUG Common.Messages.MessageQueue - Leaving MessageQueue.Enqueue
2017-08-30 09:02:10,636 [Worker] DEBUG Common.Messages.MessageQueue - Entering MessageQueue.Dequeue
2017-08-30 09:02:10,636 [Worker] DEBUG Common.Messages.MessageQueue - Leaving MessageQueue.Dequeue
2017-08-30 09:02:10,637 [Worker] INFO  WordGuessPlayer.Worker - Processing Type=Heartbeat, GameId=1 from 127.0.0.1:12001
2017-08-30 09:02:10,637 [Worker] DEBUG WordGuessPlayer.Worker - Enter ProcessMessage
2017-08-30 09:02:10,636 [Listener] DEBUG Common.Messages.HeartbeatMessage - Decode an HeartbeatMessage
2017-08-30 09:02:10,637 [Listener] DEBUG Common.Messages.HeartbeatMessage - Decoded GameId = 2
2017-08-30 09:02:10,637 [Listener] DEBUG Common.Messages.MessageQueue - Entering MessageQueue.Enqueue
2017-08-30 09:02:10,637 [Worker] DEBUG WordGuessPlayer.Worker - Leaving ProcessMessage
2017-08-30 09:02:10,638 [Worker] DEBUG Common.Messages.MessageQueue - Entering MessageQueue.Dequeue
2017-08-30 09:02:10,638 [Worker] DEBUG Common.Messages.MessageQueue - Leaving MessageQueue.Dequeue
2017-08-30 09:02:10,638 [Worker] INFO  WordGuessPlayer.Worker - Processing Type=Heartbeat, GameId=2 from 127.0.0.1:12001
2017-08-30 09:02:10,638 [Worker] DEBUG WordGuessPlayer.Worker - Enter ProcessMessage
2017-08-30 09:02:10,637 [Listener] DEBUG Common.Messages.MessageQueue - Leaving MessageQueue.Enqueue
2017-08-30 09:02:10,638 [Listener] DEBUG Common.Messages.HeartbeatMessage - Decode an HeartbeatMessage
2017-08-30 09:02:10,638 [Listener] DEBUG Common.Messages.HeartbeatMessage - Decoded GameId = 3
2017-08-30 09:02:10,639 [Listener] DEBUG Common.Messages.MessageQueue - Entering MessageQueue.Enqueue
2017-08-30 09:02:10,638 [Worker] DEBUG WordGuessPlayer.Worker - Leaving ProcessMessage
2017-08-30 09:02:10,639 [Worker] DEBUG Common.Messages.MessageQueue - Entering MessageQueue.Dequeue
2017-08-30 09:02:10,639 [Worker] DEBUG Common.Messages.MessageQueue - Leaving MessageQueue.Dequeue
2017-08-30 09:02:10,639 [Worker] INFO  WordGuessPlayer.Worker - Processing Type=Heartbeat, GameId=3 from 127.0.0.1:12001
2017-08-30 09:02:10,639 [Worker] DEBUG WordGuessPlayer.Worker - Enter ProcessMessage
2017-08-30 09:02:10,639 [Listener] DEBUG Common.Messages.MessageQueue - Leaving MessageQueue.Enqueue
2017-08-30 09:02:10,639 [Worker] DEBUG WordGuessPlayer.Worker - Leaving ProcessMessage
2017-08-30 09:02:11,139 [Listener] DEBUG Common.Messages.HeartbeatMessage - Decode an HeartbeatMessage
2017-08-30 09:02:11,139 [Listener] DEBUG Common.Messages.HeartbeatMessage - Decoded GameId = 1
2017-08-30 09:02:11,139 [Listener] DEBUG Common.Messages.MessageQueue - Entering MessageQueue.Enqueue
2017-08-30 09:02:11,139 [Listener] DEBUG Common.Messages.MessageQueue - Leaving MessageQueue.Enqueue
2017-08-30 09:02:11,139 [Worker] DEBUG Common.Messages.MessageQueue - Entering MessageQueue.Dequeue
2017-08-30 09:02:11,139 [Worker] DEBUG Common.Messages.MessageQueue - Leaving MessageQueue.Dequeue
2017-08-30 09:02:11,139 [Worker] INFO  WordGuessPlayer.Worker - Processing Type=Heartbeat, GameId=1 from 127.0.0.1:12001
2017-08-30 09:02:11,140 [Worker] DEBUG WordGuessPlayer.Worker - Enter ProcessMessage
2017-08-30 09:02:11,139 [Listener] DEBUG Common.Messages.HeartbeatMessage - Decode an HeartbeatMessage
2017-08-30 09:02:11,140 [Listener] DEBUG Common.Messages.HeartbeatMessage - Decoded GameId = 2
2017-08-30 09:02:11,140 [Listener] DEBUG Common.Messages.MessageQueue - Entering MessageQueue.Enqueue
2017-08-30 09:02:11,140 [Listener] DEBUG Common.Messages.MessageQueue - Leaving MessageQueue.Enqueue
2017-08-30 09:02:11,140 [Worker] DEBUG WordGuessPlayer.Worker - Leaving ProcessMessage
2017-08-30 09:02:11,141 [Worker] DEBUG Common.Messages.MessageQueue - Entering MessageQueue.Dequeue
2017-08-30 09:02:11,141 [Worker] DEBUG Common.Messages.MessageQueue - Leaving MessageQueue.Dequeue
2017-08-30 09:02:11,141 [Worker] INFO  WordGuessPlayer.Worker - Processing Type=Heartbeat, GameId=2 from 127.0.0.1:12001
2017-08-30 09:02:11,141 [Worker] DEBUG WordGuessPlayer.Worker - Enter ProcessMessage
2017-08-30 09:02:11,141 [Listener] DEBUG Common.Messages.HeartbeatMessage - Decode an HeartbeatMessage
2017-08-30 09:02:11,141 [Listener] DEBUG Common.Messages.HeartbeatMessage - Decoded GameId = 3
2017-08-30 09:02:11,141 [Worker] DEBUG WordGuessPlayer.Worker - Leaving ProcessMessage
2017-08-30 09:02:11,141 [Listener] DEBUG Common.Messages.MessageQueue - Entering MessageQueue.Enqueue
2017-08-30 09:02:11,142 [Listener] DEBUG Common.Messages.MessageQueue - Leaving MessageQueue.Enqueue
2017-08-30 09:02:11,142 [Worker] DEBUG Common.Messages.MessageQueue - Entering MessageQueue.Dequeue
2017-08-30 09:02:11,142 [Worker] DEBUG Common.Messages.MessageQueue - Leaving MessageQueue.Dequeue
2017-08-30 09:02:11,142 [Worker] INFO  WordGuessPlayer.Worker - Processing Type=Heartbeat, GameId=3 from 127.0.0.1:12001
2017-08-30 09:02:11,142 [Worker] DEBUG WordGuessPlayer.Worker - Enter ProcessMessage
2017-08-30 09:02:11,142 [Worker] DEBUG WordGuessPlayer.Worker - Leaving ProcessMessage
2017-08-30 09:02:11,642 [Listener] DEBUG Common.Messages.HeartbeatMessage - Decode an HeartbeatMessage
2017-08-30 09:02:11,642 [Listener] DEBUG Common.Messages.HeartbeatMessage - Decoded GameId = 1
2017-08-30 09:02:11,642 [Listener] DEBUG Common.Messages.MessageQueue - Entering MessageQueue.Enqueue
2017-08-30 09:02:11,642 [Listener] DEBUG Common.Messages.MessageQueue - Leaving MessageQueue.Enqueue
2017-08-30 09:02:11,642 [Worker] DEBUG Common.Messages.MessageQueue - Entering MessageQueue.Dequeue
2017-08-30 09:02:11,642 [Worker] DEBUG Common.Messages.MessageQueue - Leaving MessageQueue.Dequeue
2017-08-30 09:02:11,643 [Worker] INFO  WordGuessPlayer.Worker - Processing Type=Heartbeat, GameId=1 from 127.0.0.1:12001
2017-08-30 09:02:11,643 [Worker] DEBUG WordGuessPlayer.Worker - Enter ProcessMessage
2017-08-30 09:02:11,642 [Listener] DEBUG Common.Messages.HeartbeatMessage - Decode an HeartbeatMessage
2017-08-30 09:02:11,643 [Listener] DEBUG Common.Messages.HeartbeatMessage - Decoded GameId = 2
2017-08-30 09:02:11,643 [Listener] DEBUG Common.Messages.MessageQueue - Entering MessageQueue.Enqueue
2017-08-30 09:02:11,643 [Listener] DEBUG Common.Messages.MessageQueue - Leaving MessageQueue.Enqueue
2017-08-30 09:02:11,643 [Worker] DEBUG WordGuessPlayer.Worker - Leaving ProcessMessage
2017-08-30 09:02:11,644 [Worker] DEBUG Common.Messages.MessageQueue - Entering MessageQueue.Dequeue
2017-08-30 09:02:11,644 [Worker] DEBUG Common.Messages.MessageQueue - Leaving MessageQueue.Dequeue
2017-08-30 09:02:11,644 [Listener] DEBUG Common.Messages.HeartbeatMessage - Decode an HeartbeatMessage
2017-08-30 09:02:11,644 [Listener] DEBUG Common.Messages.HeartbeatMessage - Decoded GameId = 3
2017-08-30 09:02:11,644 [Listener] DEBUG Common.Messages.MessageQueue - Entering MessageQueue.Enqueue
2017-08-30 09:02:11,644 [Listener] DEBUG Common.Messages.MessageQueue - Leaving MessageQueue.Enqueue
2017-08-30 09:02:11,644 [Worker] INFO  WordGuessPlayer.Worker - Processing Type=Heartbeat, GameId=2 from 127.0.0.1:12001
2017-08-30 09:02:11,644 [Worker] DEBUG WordGuessPlayer.Worker - Enter ProcessMessage
2017-08-30 09:02:11,644 [Worker] DEBUG WordGuessPlayer.Worker - Leaving ProcessMessage
2017-08-30 09:02:11,645 [Worker] DEBUG Common.Messages.MessageQueue - Entering MessageQueue.Dequeue
2017-08-30 09:02:11,645 [Worker] DEBUG Common.Messages.MessageQueue - Leaving MessageQueue.Dequeue
2017-08-30 09:02:11,645 [Worker] INFO  WordGuessPlayer.Worker - Processing Type=Heartbeat, GameId=3 from 127.0.0.1:12001
2017-08-30 09:02:11,645 [Worker] DEBUG WordGuessPlayer.Worker - Enter ProcessMessage
2017-08-30 09:02:11,645 [Worker] DEBUG WordGuessPlayer.Worker - Leaving ProcessMessage
2017-08-30 09:02:12,144 [Listener] DEBUG Common.Messages.HeartbeatMessage - Decode an HeartbeatMessage
2017-08-30 09:02:12,144 [Listener] DEBUG Common.Messages.HeartbeatMessage - Decoded GameId = 1
2017-08-30 09:02:12,144 [Listener] DEBUG Common.Messages.MessageQueue - Entering MessageQueue.Enqueue
2017-08-30 09:02:12,144 [Listener] DEBUG Common.Messages.MessageQueue - Leaving MessageQueue.Enqueue
2017-08-30 09:02:12,144 [Worker] DEBUG Common.Messages.MessageQueue - Entering MessageQueue.Dequeue
2017-08-30 09:02:12,144 [Worker] DEBUG Common.Messages.MessageQueue - Leaving MessageQueue.Dequeue
2017-08-30 09:02:12,144 [Worker] INFO  WordGuessPlayer.Worker - Processing Type=Heartbeat, GameId=1 from 127.0.0.1:12001
2017-08-30 09:02:12,144 [Worker] DEBUG WordGuessPlayer.Worker - Enter ProcessMessage
2017-08-30 09:02:12,144 [Listener] DEBUG Common.Messages.HeartbeatMessage - Decode an HeartbeatMessage
2017-08-30 09:02:12,145 [Listener] DEBUG Common.Messages.HeartbeatMessage - Decoded GameId = 2
2017-08-30 09:02:12,145 [Listener] DEBUG Common.Messages.MessageQueue - Entering MessageQueue.Enqueue
2017-08-30 09:02:12,145 [Worker] DEBUG WordGuessPlayer.Worker - Leaving ProcessMessage
2017-08-30 09:02:12,145 [Worker] DEBUG Common.Messages.MessageQueue - Entering MessageQueue.Dequeue
2017-08-30 09:02:12,145 [Worker] DEBUG Common.Messages.MessageQueue - Leaving MessageQueue.Dequeue
2017-08-30 09:02:12,145 [Worker] INFO  WordGuessPlayer.Worker - Processing Type=Heartbeat, GameId=2 from 127.0.0.1:12001
2017-08-30 09:02:12,146 [Worker] DEBUG WordGuessPlayer.Worker - Enter ProcessMessage
2017-08-30 09:02:12,145 [Listener] DEBUG Common.Messages.MessageQueue - Leaving MessageQueue.Enqueue
2017-08-30 09:02:12,146 [Listener] DEBUG Common.Messages.HeartbeatMessage - Decode an HeartbeatMessage
2017-08-30 09:02:12,146 [Listener] DEBUG Common.Messages.HeartbeatMessage - Decoded GameId = 3
2017-08-30 09:02:12,146 [Listener] DEBUG Common.Messages.MessageQueue - Entering MessageQueue.Enqueue
2017-08-30 09:02:12,146 [Listener] DEBUG Common.Messages.MessageQueue - Leaving MessageQueue.Enqueue
2017-08-30 09:02:12,146 [Worker] DEBUG WordGuessPlayer.Worker - Leaving ProcessMessage
2017-08-30 09:02:12,146 [Worker] DEBUG Common.Messages.MessageQueue - Entering MessageQueue.Dequeue
2017-08-30 09:02:12,146 [Worker] DEBUG Common.Messages.MessageQueue - Leaving MessageQueue.Dequeue
2017-08-30 09:02:12,146 [Worker] INFO  WordGuessPlayer.Worker - Processing Type=Heartbeat, GameId=3 from 127.0.0.1:12001
2017-08-30 09:02:12,146 [Worker] DEBUG WordGuessPlayer.Worker - Enter ProcessMessage
2017-08-30 09:02:12,147 [Worker] DEBUG WordGuessPlayer.Worker - Leaving ProcessMessage
2017-08-30 09:02:12,646 [Listener] DEBUG Common.Messages.HeartbeatMessage - Decode an HeartbeatMessage
2017-08-30 09:02:12,646 [Listener] DEBUG Common.Messages.HeartbeatMessage - Decoded GameId = 1
2017-08-30 09:02:12,646 [Listener] DEBUG Common.Messages.MessageQueue - Entering MessageQueue.Enqueue
2017-08-30 09:02:12,646 [Listener] DEBUG Common.Messages.MessageQueue - Leaving MessageQueue.Enqueue
2017-08-30 09:02:12,646 [Worker] DEBUG Common.Messages.MessageQueue - Entering MessageQueue.Dequeue
2017-08-30 09:02:12,646 [Worker] DEBUG Common.Messages.MessageQueue - Leaving MessageQueue.Dequeue
2017-08-30 09:02:12,646 [Worker] INFO  WordGuessPlayer.Worker - Processing Type=Heartbeat, GameId=1 from 127.0.0.1:12001
2017-08-30 09:02:12,647 [Worker] DEBUG WordGuessPlayer.Worker - Enter ProcessMessage
2017-08-30 09:02:12,646 [Listener] DEBUG Common.Messages.HeartbeatMessage - Decode an HeartbeatMessage
2017-08-30 09:02:12,647 [Listener] DEBUG Common.Messages.HeartbeatMessage - Decoded GameId = 2
2017-08-30 09:02:12,647 [Listener] DEBUG Common.Messages.MessageQueue - Entering MessageQueue.Enqueue
2017-08-30 09:02:12,647 [Listener] DEBUG Common.Messages.MessageQueue - Leaving MessageQueue.Enqueue
2017-08-30 09:02:12,648 [Listener] DEBUG Common.Messages.HeartbeatMessage - Decode an HeartbeatMessage
2017-08-30 09:02:12,648 [Listener] DEBUG Common.Messages.HeartbeatMessage - Decoded GameId = 3
2017-08-30 09:02:12,648 [Listener] DEBUG Common.Messages.MessageQueue - Entering MessageQueue.Enqueue
2017-08-30 09:02:12,648 [Listener] DEBUG Common.Messages.MessageQueue - Leaving MessageQueue.Enqueue
2017-08-30 09:02:12,647 [Worker] DEBUG WordGuessPlayer.Worker - Leaving ProcessMessage
2017-08-30 09:02:12,648 [Worker] DEBUG Common.Messages.MessageQueue - Entering MessageQueue.Dequeue
2017-08-30 09:02:12,648 [Worker] DEBUG Common.Messages.MessageQueue - Leaving MessageQueue.Dequeue
2017-08-30 09:02:12,648 [Worker] INFO  WordGuessPlayer.Worker - Processing Type=Heartbeat, GameId=2 from 127.0.0.1:12001
2017-08-30 09:02:12,648 [Worker] DEBUG WordGuessPlayer.Worker - Enter ProcessMessage
2017-08-30 09:02:12,649 [Worker] DEBUG WordGuessPlayer.Worker - Leaving ProcessMessage
2017-08-30 09:02:12,649 [Worker] DEBUG Common.Messages.MessageQueue - Entering MessageQueue.Dequeue
2017-08-30 09:02:12,649 [Worker] DEBUG Common.Messages.MessageQueue - Leaving MessageQueue.Dequeue
2017-08-30 09:02:12,649 [Worker] INFO  WordGuessPlayer.Worker - Processing Type=Heartbeat, GameId=3 from 127.0.0.1:12001
2017-08-30 09:02:12,649 [Worker] DEBUG WordGuessPlayer.Worker - Enter ProcessMessage
2017-08-30 09:02:12,650 [Worker] DEBUG WordGuessPlayer.Worker - Leaving ProcessMessage
2017-08-30 09:02:13,148 [Listener] DEBUG Common.Messages.HeartbeatMessage - Decode an HeartbeatMessage
2017-08-30 09:02:13,148 [Listener] DEBUG Common.Messages.HeartbeatMessage - Decoded GameId = 1
2017-08-30 09:02:13,148 [Listener] DEBUG Common.Messages.MessageQueue - Entering MessageQueue.Enqueue
2017-08-30 09:02:13,148 [Listener] DEBUG Common.Messages.MessageQueue - Leaving MessageQueue.Enqueue
2017-08-30 09:02:13,148 [Listener] DEBUG Common.Messages.HeartbeatMessage - Decode an HeartbeatMessage
2017-08-30 09:02:13,149 [Listener] DEBUG Common.Messages.HeartbeatMessage - Decoded GameId = 2
2017-08-30 09:02:13,149 [Listener] DEBUG Common.Messages.MessageQueue - Entering MessageQueue.Enqueue
2017-08-30 09:02:13,149 [Listener] DEBUG Common.Messages.MessageQueue - Leaving MessageQueue.Enqueue
2017-08-30 09:02:13,149 [Listener] DEBUG Common.Messages.HeartbeatMessage - Decode an HeartbeatMessage
2017-08-30 09:02:13,149 [Listener] DEBUG Common.Messages.HeartbeatMessage - Decoded GameId = 3
2017-08-30 09:02:13,149 [Listener] DEBUG Common.Messages.MessageQueue - Entering MessageQueue.Enqueue
2017-08-30 09:02:13,149 [Listener] DEBUG Common.Messages.MessageQueue - Leaving MessageQueue.Enqueue
2017-08-30 09:02:13,148 [Worker] DEBUG Common.Messages.MessageQueue - Entering MessageQueue.Dequeue
2017-08-30 09:02:13,149 [Worker] DEBUG Common.Messages.MessageQueue - Leaving MessageQueue.Dequeue
2017-08-30 09:02:13,149 [Worker] INFO  WordGuessPlayer.Worker - Processing Type=Heartbeat, GameId=1 from 127.0.0.1:12001
2017-08-30 09:02:13,150 [Worker] DEBUG WordGuessPlayer.Worker - Enter ProcessMessage
2017-08-30 09:02:13,150 [Worker] DEBUG WordGuessPlayer.Worker - Leaving ProcessMessage
2017-08-30 09:02:13,150 [Worker] DEBUG Common.Messages.MessageQueue - Entering MessageQueue.Dequeue
2017-08-30 09:02:13,150 [Worker] DEBUG Common.Messages.MessageQueue - Leaving MessageQueue.Dequeue
2017-08-30 09:02:13,150 [Worker] INFO  WordGuessPlayer.Worker - Processing Type=Heartbeat, GameId=2 from 127.0.0.1:12001
2017-08-30 09:02:13,150 [Worker] DEBUG WordGuessPlayer.Worker - Enter ProcessMessage
2017-08-30 09:02:13,151 [Worker] DEBUG WordGuessPlayer.Worker - Leaving ProcessMessage
2017-08-30 09:02:13,151 [Worker] DEBUG Common.Messages.MessageQueue - Entering MessageQueue.Dequeue
2017-08-30 09:02:13,151 [Worker] DEBUG Common.Messages.MessageQueue - Leaving MessageQueue.Dequeue
2017-08-30 09:02:13,151 [Worker] INFO  WordGuessPlayer.Worker - Processing Type=Heartbeat, GameId=3 from 127.0.0.1:12001
2017-08-30 09:02:13,151 [Worker] DEBUG WordGuessPlayer.Worker - Enter ProcessMessage
2017-08-30 09:02:13,151 [Worker] DEBUG WordGuessPlayer.Worker - Leaving ProcessMessage
2017-08-30 09:02:13,605 [1] DEBUG WordGuessPlayer.PlayerForm - Send a guess message, using melopepon
2017-08-30 09:02:13,629 [Listener] DEBUG Common.Messages.AnswerMessage - Decode a AnswerMessage
2017-08-30 09:02:13,630 [Listener] DEBUG Common.Messages.AnswerMessage - Decoded GameId = 3
2017-08-30 09:02:13,630 [Listener] DEBUG Common.Messages.AnswerMessage - Decoded Result = True
2017-08-30 09:02:13,630 [Listener] DEBUG Common.Messages.AnswerMessage - Decoded Score = 91
2017-08-30 09:02:13,630 [Listener] DEBUG Common.Messages.AnswerMessage - Decoded Hint = 
2017-08-30 09:02:13,630 [Listener] DEBUG Common.Messages.MessageQueue - Entering MessageQueue.Enqueue
2017-08-30 09:02:13,630 [Listener] DEBUG Common.Messages.MessageQueue - Leaving MessageQueue.Enqueue
2017-08-30 09:02:13,630 [Worker] DEBUG Common.Messages.MessageQueue - Entering MessageQueue.Dequeue
2017-08-30 09:02:13,631 [Worker] DEBUG Common.Messages.MessageQueue - Leaving MessageQueue.Dequeue
2017-08-30 09:02:13,631 [Worker] INFO  WordGuessPlayer.Worker - Processing Type=Answer, GameId=3, Result=True, Score=91, Hint= from 127.0.0.1:12001
2017-08-30 09:02:13,631 [Worker] DEBUG WordGuessPlayer.Worker - Enter ProcessMessage
2017-08-30 09:02:13,636 [Worker] DEBUG WordGuessPlayer.Worker - Leaving ProcessMessage
2017-08-30 09:02:13,650 [Listener] DEBUG Common.Messages.HeartbeatMessage - Decode an HeartbeatMessage
2017-08-30 09:02:13,650 [Listener] DEBUG Common.Messages.HeartbeatMessage - Decoded GameId = 1
2017-08-30 09:02:13,650 [Listener] DEBUG Common.Messages.MessageQueue - Entering MessageQueue.Enqueue
2017-08-30 09:02:13,650 [Listener] DEBUG Common.Messages.MessageQueue - Leaving MessageQueue.Enqueue
2017-08-30 09:02:13,650 [Worker] DEBUG Common.Messages.MessageQueue - Entering MessageQueue.Dequeue
2017-08-30 09:02:13,650 [Listener] DEBUG Common.Messages.HeartbeatMessage - Decode an HeartbeatMessage
2017-08-30 09:02:13,650 [Listener] DEBUG Common.Messages.HeartbeatMessage - Decoded GameId = 2
2017-08-30 09:02:13,650 [Listener] DEBUG Common.Messages.MessageQueue - Entering MessageQueue.Enqueue
2017-08-30 09:02:13,651 [Listener] DEBUG Common.Messages.MessageQueue - Leaving MessageQueue.Enqueue
2017-08-30 09:02:13,650 [Worker] DEBUG Common.Messages.MessageQueue - Leaving MessageQueue.Dequeue
2017-08-30 09:02:13,651 [Worker] INFO  WordGuessPlayer.Worker - Processing Type=Heartbeat, GameId=1 from 127.0.0.1:12001
2017-08-30 09:02:13,651 [Worker] DEBUG WordGuessPlayer.Worker - Enter ProcessMessage
2017-08-30 09:02:13,651 [Worker] DEBUG WordGuessPlayer.Worker - Leaving ProcessMessage
2017-08-30 09:02:13,651 [Worker] DEBUG Common.Messages.MessageQueue - Entering MessageQueue.Dequeue
2017-08-30 09:02:13,651 [Worker] DEBUG Common.Messages.MessageQueue - Leaving MessageQueue.Dequeue
2017-08-30 09:02:13,651 [Worker] INFO  WordGuessPlayer.Worker - Processing Type=Heartbeat, GameId=2 from 127.0.0.1:12001
2017-08-30 09:02:13,652 [Worker] DEBUG WordGuessPlayer.Worker - Enter ProcessMessage
2017-08-30 09:02:13,652 [Worker] DEBUG WordGuessPlayer.Worker - Leaving ProcessMessage
2017-08-30 09:02:14,151 [Listener] DEBUG Common.Messages.HeartbeatMessage - Decode an HeartbeatMessage
2017-08-30 09:02:14,151 [Listener] DEBUG Common.Messages.HeartbeatMessage - Decoded GameId = 1
2017-08-30 09:02:14,151 [Listener] DEBUG Common.Messages.MessageQueue - Entering MessageQueue.Enqueue
2017-08-30 09:02:14,151 [Listener] DEBUG Common.Messages.MessageQueue - Leaving MessageQueue.Enqueue
2017-08-30 09:02:14,151 [Listener] DEBUG Common.Messages.HeartbeatMessage - Decode an HeartbeatMessage
2017-08-30 09:02:14,151 [Listener] DEBUG Common.Messages.HeartbeatMessage - Decoded GameId = 2
2017-08-30 09:02:14,151 [Listener] DEBUG Common.Messages.MessageQueue - Entering MessageQueue.Enqueue
2017-08-30 09:02:14,152 [Listener] DEBUG Common.Messages.MessageQueue - Leaving MessageQueue.Enqueue
2017-08-30 09:02:14,151 [Worker] DEBUG Common.Messages.MessageQueue - Entering MessageQueue.Dequeue
2017-08-30 09:02:14,152 [Worker] DEBUG Common.Messages.MessageQueue - Leaving MessageQueue.Dequeue
2017-08-30 09:02:14,152 [Worker] INFO  WordGuessPlayer.Worker - Processing Type=Heartbeat, GameId=1 from 127.0.0.1:12001
2017-08-30 09:02:14,152 [Worker] DEBUG WordGuessPlayer.Worker - Enter ProcessMessage
2017-08-30 09:02:14,152 [Worker] DEBUG WordGuessPlayer.Worker - Leaving ProcessMessage
2017-08-30 09:02:14,153 [Worker] DEBUG Common.Messages.MessageQueue - Entering MessageQueue.Dequeue
2017-08-30 09:02:14,153 [Worker] DEBUG Common.Messages.MessageQueue - Leaving MessageQueue.Dequeue
2017-08-30 09:02:14,153 [Worker] INFO  WordGuessPlayer.Worker - Processing Type=Heartbeat, GameId=2 from 127.0.0.1:12001
2017-08-30 09:02:14,153 [Worker] DEBUG WordGuessPlayer.Worker - Enter ProcessMessage
2017-08-30 09:02:14,153 [Worker] DEBUG WordGuessPlayer.Worker - Leaving ProcessMessage
2017-08-30 09:02:14,652 [Listener] DEBUG Common.Messages.HeartbeatMessage - Decode an HeartbeatMessage
2017-08-30 09:02:14,652 [Listener] DEBUG Common.Messages.HeartbeatMessage - Decoded GameId = 1
2017-08-30 09:02:14,652 [Listener] DEBUG Common.Messages.MessageQueue - Entering MessageQueue.Enqueue
2017-08-30 09:02:14,652 [Listener] DEBUG Common.Messages.MessageQueue - Leaving MessageQueue.Enqueue
2017-08-30 09:02:14,652 [Listener] DEBUG Common.Messages.HeartbeatMessage - Decode an HeartbeatMessage
2017-08-30 09:02:14,652 [Listener] DEBUG Common.Messages.HeartbeatMessage - Decoded GameId = 2
2017-08-30 09:02:14,652 [Worker] DEBUG Common.Messages.MessageQueue - Entering MessageQueue.Dequeue
2017-08-30 09:02:14,652 [Listener] DEBUG Common.Messages.MessageQueue - Entering MessageQueue.Enqueue
2017-08-30 09:02:14,653 [Listener] DEBUG Common.Messages.MessageQueue - Leaving MessageQueue.Enqueue
2017-08-30 09:02:14,652 [Worker] DEBUG Common.Messages.MessageQueue - Leaving MessageQueue.Dequeue
2017-08-30 09:02:14,653 [Worker] INFO  WordGuessPlayer.Worker - Processing Type=Heartbeat, GameId=1 from 127.0.0.1:12001
2017-08-30 09:02:14,653 [Worker] DEBUG WordGuessPlayer.Worker - Enter ProcessMessage
2017-08-30 09:02:14,653 [Worker] DEBUG WordGuessPlayer.Worker - Leaving ProcessMessage
2017-08-30 09:02:14,653 [Worker] DEBUG Common.Messages.MessageQueue - Entering MessageQueue.Dequeue
2017-08-30 09:02:14,653 [Worker] DEBUG Common.Messages.MessageQueue - Leaving MessageQueue.Dequeue
2017-08-30 09:02:14,654 [Worker] INFO  WordGuessPlayer.Worker - Processing Type=Heartbeat, GameId=2 from 127.0.0.1:12001
2017-08-30 09:02:14,654 [Worker] DEBUG WordGuessPlayer.Worker - Enter ProcessMessage
2017-08-30 09:02:14,654 [Worker] DEBUG WordGuessPlayer.Worker - Leaving ProcessMessage
2017-08-30 09:02:15,012 [1] DEBUG WordGuessPlayer.PlayerForm - Stop am-alive timer
2017-08-30 09:02:15,013 [1] DEBUG WordGuessPlayer.PlayerForm - Stopping a listener
2017-08-30 09:02:15,014 [1] INFO  Common.BackgroundThread - Stopping Listener
2017-08-30 09:02:15,014 [1] INFO  Common.BackgroundThread - Listener Stopped
2017-08-30 09:02:15,014 [1] DEBUG WordGuessPlayer.PlayerForm - Stopping a worker
2017-08-30 09:02:15,014 [1] INFO  Common.BackgroundThread - Stopping Worker
2017-08-30 09:02:15,014 [1] INFO  Common.BackgroundThread - Worker Stopped
2017-08-30 09:02:15,153 [Listener] DEBUG Common.Messages.HeartbeatMessage - Decode an HeartbeatMessage
2017-08-30 09:02:15,153 [Listener] DEBUG Common.Messages.HeartbeatMessage - Decoded GameId = 1
2017-08-30 09:02:15,153 [Listener] DEBUG Common.Messages.MessageQueue - Entering MessageQueue.Enqueue
2017-08-30 09:02:15,153 [Listener] DEBUG Common.Messages.MessageQueue - Leaving MessageQueue.Enqueue
2017-08-30 09:02:15,153 [Listener] INFO  Common.Listener - Leaving Process method
2017-08-30 09:02:15,153 [Worker] DEBUG Common.Messages.MessageQueue - Entering MessageQueue.Dequeue
2017-08-30 09:02:15,154 [Worker] DEBUG Common.Messages.MessageQueue - Leaving MessageQueue.Dequeue
2017-08-30 09:02:15,154 [Worker] INFO  WordGuessPlayer.Worker - Processing Type=Heartbeat, GameId=1 from 127.0.0.1:12001
2017-08-30 09:02:15,154 [Worker] DEBUG WordGuessPlayer.Worker - Enter ProcessMessage
2017-08-30 09:02:15,154 [Worker] DEBUG WordGuessPlayer.Worker - Leaving ProcessMessage
